=========================================
 日志级别：DEBUG
 日志时间：2020-02-20 17:37:39,723
 所属类名：LogTest
 所属线程：main
 日志信息：debug level
=========================================
 日志级别：INFO
 日志时间：2020-02-20 17:37:39,729
 所属类名：LogTest
 所属线程：main
 日志信息：info level
=========================================
 日志级别：WARN
 日志时间：2020-02-20 17:37:39,729
 所属类名：LogTest
 所属线程：main
 日志信息：warn level
=========================================
 日志级别：ERROR
 日志时间：2020-02-20 17:37:39,729
 所属类名：LogTest
 所属线程：main
 日志信息：error level
=========================================
 日志级别：FATAL
 日志时间：2020-02-20 17:37:39,729
 所属类名：LogTest
 所属线程：main
 日志信息：fatal level
=========================================
 日志级别：DEBUG
 日志时间：2020-02-20 17:40:32,397
 所属类名：LogTest
 所属线程：main
 日志信息：debug level
=========================================
 日志级别：INFO
 日志时间：2020-02-20 17:40:32,404
 所属类名：LogTest
 所属线程：main
 日志信息：info level
=========================================
 日志级别：WARN
 日志时间：2020-02-20 17:40:32,404
 所属类名：LogTest
 所属线程：main
 日志信息：warn level
=========================================
 日志级别：ERROR
 日志时间：2020-02-20 17:40:32,404
 所属类名：LogTest
 所属线程：main
 日志信息：error level
=========================================
 日志级别：FATAL
 日志时间：2020-02-20 17:40:32,404
 所属类名：LogTest
 所属线程：main
 日志信息：fatal level
